[jue mar 13 16:24:48 CST 2025] Contenedor creado: contenedor-1eef33cfaa (io)
[jue mar 13 16:24:49 CST 2025] Contenedor creado: contenedor-eaa0c808e1 (disk)
[jue mar 13 16:37:35 CST 2025] Contenedor creado: contenedor-a486bed881 (ram)
[jue mar 13 16:37:36 CST 2025] Contenedor creado: contenedor-c4e4daed9d (cpu)
[jue mar 13 16:37:36 CST 2025] Contenedor creado: contenedor-fbad110300 (io)
[jue mar 13 16:37:36 CST 2025] Contenedor creado: contenedor-58ade03b7e (io)
[jue mar 13 16:37:37 CST 2025] Contenedor creado: contenedor-23013b5e37 (cpu)
[jue mar 13 16:37:37 CST 2025] Contenedor creado: contenedor-3242979307 (io)
[jue mar 13 16:37:38 CST 2025] Contenedor creado: contenedor-d65e8bcdcf (ram)
[jue mar 13 16:37:39 CST 2025] Contenedor creado: contenedor-e69ecacc0f (cpu)
[jue mar 13 16:37:40 CST 2025] Contenedor creado: contenedor-2f62377e84 (disk)
[jue mar 13 16:37:44 CST 2025] Contenedor creado: contenedor-d65824a214 (cpu)
[jue mar 13 16:42:40 CST 2025] Contenedor creado: contenedor-4673cc4a53 (cpu)
[jue mar 13 16:42:40 CST 2025] Contenedor creado: contenedor-b889ec89de (io)
[jue mar 13 16:42:40 CST 2025] Contenedor creado: contenedor-1e0ee1bf14 (disk)
[jue mar 13 16:42:41 CST 2025] Contenedor creado: contenedor-8175322342 (io)
[jue mar 13 16:42:43 CST 2025] Contenedor creado: contenedor-c41cbad932 (ram)
[jue mar 13 16:42:45 CST 2025] Contenedor creado: contenedor-5e49e1c35e (disk)
[jue mar 13 16:42:46 CST 2025] Contenedor creado: contenedor-fb6e38bc9f (io)
[jue mar 13 16:42:49 CST 2025] Contenedor creado: contenedor-bf42a4575d (ram)
[jue mar 13 16:42:52 CST 2025] Contenedor creado: contenedor-276c928660 (cpu)
[jue mar 13 16:43:01 CST 2025] Contenedor creado: contenedor-e1c0f85250 (disk)
[jue mar 13 16:48:50 CST 2025] Contenedor creado: contenedor-ed4098bdd1 (cpu)
[jue mar 13 16:48:50 CST 2025] Contenedor creado: contenedor-3d7045dfc4 (io)
[jue mar 13 16:48:51 CST 2025] Contenedor creado: contenedor-2fd68d03bf (cpu)
[jue mar 13 16:48:52 CST 2025] Contenedor creado: contenedor-a67ae9ba0d (ram)
[jue mar 13 16:48:54 CST 2025] Contenedor creado: contenedor-f72c3c6e8c (disk)
[jue mar 13 16:48:56 CST 2025] Contenedor creado: contenedor-c7b02ac1cd (ram)
[jue mar 13 16:49:11 CST 2025] Contenedor creado: contenedor-355d68f41f (ram)
[jue mar 13 16:49:11 CST 2025] Contenedor creado: contenedor-7684963eaa (io)
[jue mar 13 16:49:18 CST 2025] Contenedor creado: contenedor-3d2e244d0d (cpu)
[jue mar 13 16:49:22 CST 2025] Contenedor creado: contenedor-b77ed12d96 (ram)
[jue mar 13 16:51:30 CST 2025] Contenedor creado: contenedor-29e7404d0e (cpu)
[jue mar 13 16:51:31 CST 2025] Contenedor creado: contenedor-7e2724f8a2 (disk)
[jue mar 13 16:51:34 CST 2025] Contenedor creado: contenedor-196baa42be (cpu)
[jue mar 13 16:51:37 CST 2025] Contenedor creado: contenedor-b74bfc9668 (cpu)
[jue mar 13 16:51:41 CST 2025] Contenedor creado: contenedor-0e6ff471b0 (cpu)
[jue mar 13 16:51:55 CST 2025] Contenedor creado: contenedor-e1758b0f61 (ram)
[jue mar 13 16:52:07 CST 2025] Contenedor creado: contenedor-6187dafd1b (disk)
[jue mar 13 16:52:15 CST 2025] Contenedor creado: contenedor-c9175f5fc8 (disk)
[jue mar 13 16:52:25 CST 2025] Contenedor creado: contenedor-3e6f80fc1b (disk)
[jue mar 13 16:52:34 CST 2025] Contenedor creado: contenedor-1e03d5a705 (cpu)
[jue mar 13 16:54:50 CST 2025] Contenedor creado: c11082a595 (cpu)
[jue mar 13 16:54:50 CST 2025] Contenedor creado: 3e93fa2679 (ram)
[jue mar 13 16:54:52 CST 2025] Contenedor creado: 9142141e5f (disk)
[jue mar 13 16:54:54 CST 2025] Contenedor creado: fc58b3bc7d (disk)
[jue mar 13 16:54:58 CST 2025] Contenedor creado: 05f68dc518 (io)
[jue mar 13 16:55:12 CST 2025] Contenedor creado: 44041fc1c9 (ram)
[jue mar 13 16:55:32 CST 2025] Contenedor creado: 770b7bc34f (disk)
[jue mar 13 16:55:48 CST 2025] Contenedor creado: 5bf9b0f687 (cpu)
[jue mar 13 16:55:58 CST 2025] Contenedor creado: b56d6d286c (ram)
[jue mar 13 16:56:07 CST 2025] Contenedor creado: 4cb70bc0b9 (io)
[jue mar 13 16:59:52 CST 2025] Contenedor creado: aab1c19f30 (io)
